<?xml version="1.0" encoding="UTF-8"?>
<testng-results ignored="0" total="1" passed="1" failed="0" skipped="0">
  <reporter-output>
  </reporter-output>
  <suite started-at="2023-05-04T22:32:05 IST" name="Default suite" finished-at="2023-05-04T22:32:11 IST" duration-ms="5361">
    <groups>
    </groups>
    <test started-at="2023-05-04T22:32:05 IST" name="Default test" finished-at="2023-05-04T22:32:11 IST" duration-ms="5361">
      <class name="TestCases.VerifyLogIN">
        <test-method is-config="true" signature="launchBrowser()[pri:0, instance:TestCases.VerifyLogIN@708f5957]" started-at="2023-05-04T22:32:05 IST" name="launchBrowser" finished-at="2023-05-04T22:32:10 IST" duration-ms="4409" status="PASS">
          <reporter-output>
          </reporter-output>
        </test-method> <!-- launchBrowser -->
        <test-method signature="InvalidLogin()[pri:0, instance:TestCases.VerifyLogIN@708f5957]" started-at="2023-05-04T22:32:10 IST" name="InvalidLogin" finished-at="2023-05-04T22:32:10 IST" duration-ms="587" status="PASS">
          <reporter-output>
          </reporter-output>
        </test-method> <!-- InvalidLogin -->
        <test-method is-config="true" signature="quitBrowser()[pri:0, instance:TestCases.VerifyLogIN@708f5957]" started-at="2023-05-04T22:32:10 IST" name="quitBrowser" finished-at="2023-05-04T22:32:11 IST" duration-ms="320" status="PASS">
          <reporter-output>
          </reporter-output>
        </test-method> <!-- quitBrowser -->
      </class> <!-- TestCases.VerifyLogIN -->
    </test> <!-- Default test -->
  </suite> <!-- Default suite -->
</testng-results>
